Change Physical Footprint: Designator=C1L0 Old Footprint=CAPC3216L New Footprint=CAPC3216L
Change Physical Footprint: Designator=C1L1 Old Footprint=CAPC3216L New Footprint=CAPC3216L
Change Physical Footprint: Designator=C1R0 Old Footprint=CAPC3216L New Footprint=CAPC3216L
Change Physical Footprint: Designator=C1R1 Old Footprint=CAPC3216L New Footprint=CAPC3216L
Change Physical Footprint: Designator=C2L0 Old Footprint=CAPC3216L New Footprint=CAPC3216L
Change Physical Footprint: Designator=C2L1 Old Footprint=CAPC3216L New Footprint=CAPC3216L
Change Physical Footprint: Designator=C2R0 Old Footprint=CAPC3216L New Footprint=CAPC3216L
Change Physical Footprint: Designator=C2R1 Old Footprint=CAPC3216L New Footprint=CAPC3216L
Change Physical Footprint: Designator=PUP_0 Old Footprint=CAPC3216L New Footprint=CAPC3216L
Change Physical Footprint: Designator=PUP_6 Old Footprint=CAPC3216L New Footprint=CAPC3216L
Change Physical Footprint: Designator=PUP_8 Old Footprint=CAPC3216L New Footprint=CAPC3216L
Change Physical Footprint: Designator=PUP_L00 Old Footprint=CAPC3216L New Footprint=CAPC3216L
Change Physical Footprint: Designator=PUP_L01 Old Footprint=CAPC3216L New Footprint=CAPC3216L
Change Physical Footprint: Designator=PUP_L02 Old Footprint=CAPC3216L New Footprint=CAPC3216L
Change Physical Footprint: Designator=PUP_L03 Old Footprint=CAPC3216L New Footprint=CAPC3216L
Change Physical Footprint: Designator=PUP_L04 Old Footprint=CAPC3216L New Footprint=CAPC3216L
Change Physical Footprint: Designator=PUP_L05 Old Footprint=CAPC3216L New Footprint=CAPC3216L
Change Physical Footprint: Designator=PUP_L06 Old Footprint=CAPC3216L New Footprint=CAPC3216L
Change Physical Footprint: Designator=PUP_L07 Old Footprint=CAPC3216L New Footprint=CAPC3216L
Change Physical Footprint: Designator=PUP_L10 Old Footprint=CAPC3216L New Footprint=CAPC3216L
Change Physical Footprint: Designator=PUP_L11 Old Footprint=CAPC3216L New Footprint=CAPC3216L
Change Physical Footprint: Designator=PUP_L12 Old Footprint=CAPC3216L New Footprint=CAPC3216L
Change Physical Footprint: Designator=PUP_L13 Old Footprint=CAPC3216L New Footprint=CAPC3216L
Change Physical Footprint: Designator=PUP_L14 Old Footprint=CAPC3216L New Footprint=CAPC3216L
Change Physical Footprint: Designator=PUP_L15 Old Footprint=CAPC3216L New Footprint=CAPC3216L
Change Physical Footprint: Designator=PUP_L16 Old Footprint=CAPC3216L New Footprint=CAPC3216L
Change Physical Footprint: Designator=PUP_L17 Old Footprint=CAPC3216L New Footprint=CAPC3216L
Change Physical Footprint: Designator=PUP_R00 Old Footprint=CAPC3216L New Footprint=CAPC3216L
Change Physical Footprint: Designator=PUP_R01 Old Footprint=CAPC3216L New Footprint=CAPC3216L
Change Physical Footprint: Designator=PUP_R02 Old Footprint=CAPC3216L New Footprint=CAPC3216L
Change Physical Footprint: Designator=PUP_R03 Old Footprint=CAPC3216L New Footprint=CAPC3216L
Change Physical Footprint: Designator=PUP_R04 Old Footprint=CAPC3216L New Footprint=CAPC3216L
Change Physical Footprint: Designator=PUP_R05 Old Footprint=CAPC3216L New Footprint=CAPC3216L
Change Physical Footprint: Designator=PUP_R06 Old Footprint=CAPC3216L New Footprint=CAPC3216L
Change Physical Footprint: Designator=PUP_R07 Old Footprint=CAPC3216L New Footprint=CAPC3216L
Change Physical Footprint: Designator=PUP_R10 Old Footprint=CAPC3216L New Footprint=CAPC3216L
Change Physical Footprint: Designator=PUP_R11 Old Footprint=CAPC3216L New Footprint=CAPC3216L
Change Physical Footprint: Designator=PUP_R12 Old Footprint=CAPC3216L New Footprint=CAPC3216L
Change Physical Footprint: Designator=PUP_R13 Old Footprint=CAPC3216L New Footprint=CAPC3216L
Change Physical Footprint: Designator=PUP_R14 Old Footprint=CAPC3216L New Footprint=CAPC3216L
Change Physical Footprint: Designator=PUP_R15 Old Footprint=CAPC3216L New Footprint=CAPC3216L
Change Physical Footprint: Designator=PUP_R16 Old Footprint=CAPC3216L New Footprint=CAPC3216L
Change Physical Footprint: Designator=PUP_R17 Old Footprint=CAPC3216L New Footprint=CAPC3216L
Change Physical Footprint: Designator=R0_L0 Old Footprint=CAPC3216L New Footprint=CAPC3216L
Change Physical Footprint: Designator=R0_L1 Old Footprint=CAPC3216L New Footprint=CAPC3216L
Change Physical Footprint: Designator=R0_R0 Old Footprint=CAPC3216L New Footprint=CAPC3216L
Change Physical Footprint: Designator=R0_R1 Old Footprint=CAPC3216L New Footprint=CAPC3216L
Change Physical Footprint: Designator=R1_L0 Old Footprint=CAPC3216L New Footprint=CAPC3216L
Change Physical Footprint: Designator=R1_L1 Old Footprint=CAPC3216L New Footprint=CAPC3216L
Change Physical Footprint: Designator=R1_R0 Old Footprint=CAPC3216L New Footprint=CAPC3216L
Change Physical Footprint: Designator=R1_R1 Old Footprint=CAPC3216L New Footprint=CAPC3216L
Change Physical Footprint: Designator=R2_L0 Old Footprint=CAPC3216L New Footprint=CAPC3216L
Change Physical Footprint: Designator=R2_L1 Old Footprint=CAPC3216L New Footprint=CAPC3216L
Change Physical Footprint: Designator=R2_R0 Old Footprint=CAPC3216L New Footprint=CAPC3216L
Change Physical Footprint: Designator=R2_R1 Old Footprint=CAPC3216L New Footprint=CAPC3216L
Change Physical Footprint: Designator=R3_L0 Old Footprint=CAPC3216L New Footprint=CAPC3216L
Change Physical Footprint: Designator=R3_L1 Old Footprint=CAPC3216L New Footprint=CAPC3216L
Change Physical Footprint: Designator=R3_R0 Old Footprint=CAPC3216L New Footprint=CAPC3216L
Change Physical Footprint: Designator=R3_R1 Old Footprint=CAPC3216L New Footprint=CAPC3216L
Change Physical Footprint: Designator=U0 Old Footprint=D014_N New Footprint=D014_N
Change Physical Footprint: Designator=U1_L0 Old Footprint=D014_N New Footprint=D014_N
Change Physical Footprint: Designator=U1_L1 Old Footprint=D014_N New Footprint=D014_N
Change Physical Footprint: Designator=U1_R0 Old Footprint=D014_N New Footprint=D014_N
Change Physical Footprint: Designator=U1_R1 Old Footprint=D014_N New Footprint=D014_N
Change Physical Footprint: Designator=U2_L0 Old Footprint=D014_N New Footprint=D014_N
Change Physical Footprint: Designator=U2_L1 Old Footprint=D014_N New Footprint=D014_N
Change Physical Footprint: Designator=U2_R0 Old Footprint=D014_N New Footprint=D014_N
Change Physical Footprint: Designator=U2_R1 Old Footprint=D014_N New Footprint=D014_N
Change Physical Footprint: Designator=U41 Old Footprint=SOT-89 New Footprint=SOT-89
